<?xml version="1.0" encoding="UTF-8"?>
<!-- Generated by org.testng.reporters.JUnitXMLReporter -->
<testsuite hostname="Olasunkanmis-MacBook-Pro.local" ignored="0" tests="1" failures="1" timestamp="16 Aug 2018 22:05:33 GMT" time="34.202" errors="0">
  <testcase name="feature" time="33.79" classname="TestRunner">
    <failure type="cucumber.runtime.CucumberException" message="java.lang.AssertionError: Test Failed">
      <![CDATA[cucumber.runtime.CucumberException: java.lang.AssertionError: Test Failed
at cucumber.api.testng.TestNGCucumberRunner.runCucumber(TestNGCucumberRunner.java:69)
at TestRunner.feature(TestRunner.java:33)
Caused by: java.lang.AssertionError: Test Failed
at stepdefs.Login_steps.flight_finder_page_is_displayed(Login_steps.java:49)
at âœ½.Then Flight finder page is displayed(Login.feature:7)
... Removed 30 stack frames]]>
    </failure>
  </testcase> <!-- feature -->
</testsuite>
